[1575590400] LOG ROTATION: DAILY
[1575590400] LOG VERSION: 2.0
[1575590400] CURRENT HOST STATE: localhost;UP;HARD;1;PING OK - Packet loss = 0%, RTA = 0.10 ms
[1575590400] CURRENT SERVICE STATE: localhost;Current Load;OK;HARD;1;OK - load average: 0.49, 0.65, 0.66
[1575590400] CURRENT SERVICE STATE: localhost;Current Users;OK;HARD;1;USERS OK - 0 users currently logged in
[1575590400] CURRENT SERVICE STATE: localhost;HTTP;WARNING;HARD;4;HTTP WARNING: HTTP/1.1 401 Unauthorized - 695 bytes in 0.004 second response time
[1575590400] CURRENT SERVICE STATE: localhost;PING;OK;HARD;1;PING OK - Packet loss = 0%, RTA = 0.08 ms
[1575590400] CURRENT SERVICE STATE: localhost;Root Partition;OK;HARD;1;DISK OK - free space: / 31880 MB (38.92% inode=99%):
[1575590400] CURRENT SERVICE STATE: localhost;Swap Usage;CRITICAL;HARD;4;SWAP CRITICAL - 0% free (0 MB out of 0 MB) - Swap is either disabled, not present, or of zero size.
[1575590400] CURRENT SERVICE STATE: localhost;Total Processes;OK;HARD;1;PROCS OK: 20 processes with STATE = RSZDT
[1575590969] Auto-save of retention data completed successfully.
[1575591630] SERVICE NOTIFICATION: nagiosadmin;localhost;Swap Usage;CRITICAL;notify-service-by-email;SWAP CRITICAL - 0% free (0 MB out of 0 MB) - Swap is either disabled, not present, or of zero size.
[1575594569] Auto-save of retention data completed successfully.
[1575595230] SERVICE NOTIFICATION: nagiosadmin;localhost;Swap Usage;CRITICAL;notify-service-by-email;SWAP CRITICAL - 0% free (0 MB out of 0 MB) - Swap is either disabled, not present, or of zero size.
[1575598169] Auto-save of retention data completed successfully.
[1575598830] SERVICE NOTIFICATION: nagiosadmin;localhost;Swap Usage;CRITICAL;notify-service-by-email;SWAP CRITICAL - 0% free (0 MB out of 0 MB) - Swap is either disabled, not present, or of zero size.
[1575601769] Auto-save of retention data completed successfully.
[1575602431] SERVICE NOTIFICATION: nagiosadmin;localhost;Swap Usage;CRITICAL;notify-service-by-email;SWAP CRITICAL - 0% free (0 MB out of 0 MB) - Swap is either disabled, not present, or of zero size.
[1575605369] Auto-save of retention data completed successfully.
[1575606031] SERVICE NOTIFICATION: nagiosadmin;localhost;Swap Usage;CRITICAL;notify-service-by-email;SWAP CRITICAL - 0% free (0 MB out of 0 MB) - Swap is either disabled, not present, or of zero size.
[1575608969] Auto-save of retention data completed successfully.
[1575609631] SERVICE NOTIFICATION: nagiosadmin;localhost;Swap Usage;CRITICAL;notify-service-by-email;SWAP CRITICAL - 0% free (0 MB out of 0 MB) - Swap is either disabled, not present, or of zero size.
[1575612569] Auto-save of retention data completed successfully.
[1575613231] SERVICE NOTIFICATION: nagiosadmin;localhost;Swap Usage;CRITICAL;notify-service-by-email;SWAP CRITICAL - 0% free (0 MB out of 0 MB) - Swap is either disabled, not present, or of zero size.
[1575616169] Auto-save of retention data completed successfully.
[1575616831] SERVICE NOTIFICATION: nagiosadmin;localhost;Swap Usage;CRITICAL;notify-service-by-email;SWAP CRITICAL - 0% free (0 MB out of 0 MB) - Swap is either disabled, not present, or of zero size.
[1575619769] Auto-save of retention data completed successfully.
[1575620431] SERVICE NOTIFICATION: nagiosadmin;localhost;Swap Usage;CRITICAL;notify-service-by-email;SWAP CRITICAL - 0% free (0 MB out of 0 MB) - Swap is either disabled, not present, or of zero size.
[1575623369] Auto-save of retention data completed successfully.
[1575624031] SERVICE NOTIFICATION: nagiosadmin;localhost;Swap Usage;CRITICAL;notify-service-by-email;SWAP CRITICAL - 0% free (0 MB out of 0 MB) - Swap is either disabled, not present, or of zero size.
[1575626969] Auto-save of retention data completed successfully.
[1575627631] SERVICE NOTIFICATION: nagiosadmin;localhost;Swap Usage;CRITICAL;notify-service-by-email;SWAP CRITICAL - 0% free (0 MB out of 0 MB) - Swap is either disabled, not present, or of zero size.
[1575630569] Auto-save of retention data completed successfully.
[1575631231] SERVICE NOTIFICATION: nagiosadmin;localhost;Swap Usage;CRITICAL;notify-service-by-email;SWAP CRITICAL - 0% free (0 MB out of 0 MB) - Swap is either disabled, not present, or of zero size.
[1575634169] Auto-save of retention data completed successfully.
[1575634831] SERVICE NOTIFICATION: nagiosadmin;localhost;Swap Usage;CRITICAL;notify-service-by-email;SWAP CRITICAL - 0% free (0 MB out of 0 MB) - Swap is either disabled, not present, or of zero size.
[1575637769] Auto-save of retention data completed successfully.
[1575638431] SERVICE NOTIFICATION: nagiosadmin;localhost;Swap Usage;CRITICAL;notify-service-by-email;SWAP CRITICAL - 0% free (0 MB out of 0 MB) - Swap is either disabled, not present, or of zero size.
[1575641369] Auto-save of retention data completed successfully.
[1575642031] SERVICE NOTIFICATION: nagiosadmin;localhost;Swap Usage;CRITICAL;notify-service-by-email;SWAP CRITICAL - 0% free (0 MB out of 0 MB) - Swap is either disabled, not present, or of zero size.
[1575644969] Auto-save of retention data completed successfully.
[1575645631] SERVICE NOTIFICATION: nagiosadmin;localhost;Swap Usage;CRITICAL;notify-service-by-email;SWAP CRITICAL - 0% free (0 MB out of 0 MB) - Swap is either disabled, not present, or of zero size.
[1575648569] Auto-save of retention data completed successfully.
[1575649231] SERVICE NOTIFICATION: nagiosadmin;localhost;Swap Usage;CRITICAL;notify-service-by-email;SWAP CRITICAL - 0% free (0 MB out of 0 MB) - Swap is either disabled, not present, or of zero size.
[1575652169] Auto-save of retention data completed successfully.
[1575652831] SERVICE NOTIFICATION: nagiosadmin;localhost;Swap Usage;CRITICAL;notify-service-by-email;SWAP CRITICAL - 0% free (0 MB out of 0 MB) - Swap is either disabled, not present, or of zero size.
[1575655769] Auto-save of retention data completed successfully.
[1575656431] SERVICE NOTIFICATION: nagiosadmin;localhost;Swap Usage;CRITICAL;notify-service-by-email;SWAP CRITICAL - 0% free (0 MB out of 0 MB) - Swap is either disabled, not present, or of zero size.
[1575659369] Auto-save of retention data completed successfully.
[1575660031] SERVICE NOTIFICATION: nagiosadmin;localhost;Swap Usage;CRITICAL;notify-service-by-email;SWAP CRITICAL - 0% free (0 MB out of 0 MB) - Swap is either disabled, not present, or of zero size.
[1575662969] Auto-save of retention data completed successfully.
[1575663631] SERVICE NOTIFICATION: nagiosadmin;localhost;Swap Usage;CRITICAL;notify-service-by-email;SWAP CRITICAL - 0% free (0 MB out of 0 MB) - Swap is either disabled, not present, or of zero size.
[1575666569] Auto-save of retention data completed successfully.
[1575667231] SERVICE NOTIFICATION: nagiosadmin;localhost;Swap Usage;CRITICAL;notify-service-by-email;SWAP CRITICAL - 0% free (0 MB out of 0 MB) - Swap is either disabled, not present, or of zero size.
[1575670169] Auto-save of retention data completed successfully.
[1575670831] SERVICE NOTIFICATION: nagiosadmin;localhost;Swap Usage;CRITICAL;notify-service-by-email;SWAP CRITICAL - 0% free (0 MB out of 0 MB) - Swap is either disabled, not present, or of zero size.
[1575673769] Auto-save of retention data completed successfully.
[1575674431] SERVICE NOTIFICATION: nagiosadmin;localhost;Swap Usage;CRITICAL;notify-service-by-email;SWAP CRITICAL - 0% free (0 MB out of 0 MB) - Swap is either disabled, not present, or of zero size.
