[1578528000] LOG ROTATION: DAILY
[1578528000] LOG VERSION: 2.0
[1578528000] CURRENT HOST STATE: localhost;UP;HARD;1;PING OK - Packet loss = 0%, RTA = 0.08 ms
[1578528000] CURRENT SERVICE STATE: localhost;Current Load;OK;HARD;1;OK - load average: 0.34, 0.51, 0.63
[1578528000] CURRENT SERVICE STATE: localhost;Current Users;OK;HARD;1;USERS OK - 0 users currently logged in
[1578528000] CURRENT SERVICE STATE: localhost;HTTP;WARNING;HARD;4;HTTP WARNING: HTTP/1.1 401 Unauthorized - 695 bytes in 0.002 second response time
[1578528000] CURRENT SERVICE STATE: localhost;PING;OK;HARD;1;PING OK - Packet loss = 0%, RTA = 0.10 ms
[1578528000] CURRENT SERVICE STATE: localhost;Root Partition;OK;HARD;1;DISK OK - free space: / 31411 MB (38.35% inode=99%):
[1578528000] CURRENT SERVICE STATE: localhost;Swap Usage;CRITICAL;HARD;4;SWAP CRITICAL - 0% free (0 MB out of 0 MB) - Swap is either disabled, not present, or of zero size.
[1578528000] CURRENT SERVICE STATE: localhost;Total Processes;OK;HARD;1;PROCS OK: 20 processes with STATE = RSZDT
[1578528569] Auto-save of retention data completed successfully.
[1578530438] SERVICE NOTIFICATION: nagiosadmin;localhost;Swap Usage;CRITICAL;notify-service-by-email;SWAP CRITICAL - 0% free (0 MB out of 0 MB) - Swap is either disabled, not present, or of zero size.
[1578532169] Auto-save of retention data completed successfully.
[1578534038] SERVICE NOTIFICATION: nagiosadmin;localhost;Swap Usage;CRITICAL;notify-service-by-email;SWAP CRITICAL - 0% free (0 MB out of 0 MB) - Swap is either disabled, not present, or of zero size.
[1578535769] Auto-save of retention data completed successfully.
[1578537638] SERVICE NOTIFICATION: nagiosadmin;localhost;Swap Usage;CRITICAL;notify-service-by-email;SWAP CRITICAL - 0% free (0 MB out of 0 MB) - Swap is either disabled, not present, or of zero size.
[1578539369] Auto-save of retention data completed successfully.
[1578541238] SERVICE NOTIFICATION: nagiosadmin;localhost;Swap Usage;CRITICAL;notify-service-by-email;SWAP CRITICAL - 0% free (0 MB out of 0 MB) - Swap is either disabled, not present, or of zero size.
[1578542969] Auto-save of retention data completed successfully.
[1578544838] SERVICE NOTIFICATION: nagiosadmin;localhost;Swap Usage;CRITICAL;notify-service-by-email;SWAP CRITICAL - 0% free (0 MB out of 0 MB) - Swap is either disabled, not present, or of zero size.
[1578546569] Auto-save of retention data completed successfully.
[1578548438] SERVICE NOTIFICATION: nagiosadmin;localhost;Swap Usage;CRITICAL;notify-service-by-email;SWAP CRITICAL - 0% free (0 MB out of 0 MB) - Swap is either disabled, not present, or of zero size.
[1578550169] Auto-save of retention data completed successfully.
[1578552038] SERVICE NOTIFICATION: nagiosadmin;localhost;Swap Usage;CRITICAL;notify-service-by-email;SWAP CRITICAL - 0% free (0 MB out of 0 MB) - Swap is either disabled, not present, or of zero size.
[1578553769] Auto-save of retention data completed successfully.
[1578555638] SERVICE NOTIFICATION: nagiosadmin;localhost;Swap Usage;CRITICAL;notify-service-by-email;SWAP CRITICAL - 0% free (0 MB out of 0 MB) - Swap is either disabled, not present, or of zero size.
[1578557369] Auto-save of retention data completed successfully.
[1578559238] SERVICE NOTIFICATION: nagiosadmin;localhost;Swap Usage;CRITICAL;notify-service-by-email;SWAP CRITICAL - 0% free (0 MB out of 0 MB) - Swap is either disabled, not present, or of zero size.
[1578560969] Auto-save of retention data completed successfully.
[1578562838] SERVICE NOTIFICATION: nagiosadmin;localhost;Swap Usage;CRITICAL;notify-service-by-email;SWAP CRITICAL - 0% free (0 MB out of 0 MB) - Swap is either disabled, not present, or of zero size.
[1578564569] Auto-save of retention data completed successfully.
[1578566438] SERVICE NOTIFICATION: nagiosadmin;localhost;Swap Usage;CRITICAL;notify-service-by-email;SWAP CRITICAL - 0% free (0 MB out of 0 MB) - Swap is either disabled, not present, or of zero size.
[1578568169] Auto-save of retention data completed successfully.
[1578570038] SERVICE NOTIFICATION: nagiosadmin;localhost;Swap Usage;CRITICAL;notify-service-by-email;SWAP CRITICAL - 0% free (0 MB out of 0 MB) - Swap is either disabled, not present, or of zero size.
[1578571769] Auto-save of retention data completed successfully.
[1578573638] SERVICE NOTIFICATION: nagiosadmin;localhost;Swap Usage;CRITICAL;notify-service-by-email;SWAP CRITICAL - 0% free (0 MB out of 0 MB) - Swap is either disabled, not present, or of zero size.
[1578575369] Auto-save of retention data completed successfully.
[1578577238] SERVICE NOTIFICATION: nagiosadmin;localhost;Swap Usage;CRITICAL;notify-service-by-email;SWAP CRITICAL - 0% free (0 MB out of 0 MB) - Swap is either disabled, not present, or of zero size.
[1578578969] Auto-save of retention data completed successfully.
[1578580838] SERVICE NOTIFICATION: nagiosadmin;localhost;Swap Usage;CRITICAL;notify-service-by-email;SWAP CRITICAL - 0% free (0 MB out of 0 MB) - Swap is either disabled, not present, or of zero size.
[1578582569] Auto-save of retention data completed successfully.
[1578584438] SERVICE NOTIFICATION: nagiosadmin;localhost;Swap Usage;CRITICAL;notify-service-by-email;SWAP CRITICAL - 0% free (0 MB out of 0 MB) - Swap is either disabled, not present, or of zero size.
[1578586169] Auto-save of retention data completed successfully.
[1578588038] SERVICE NOTIFICATION: nagiosadmin;localhost;Swap Usage;CRITICAL;notify-service-by-email;SWAP CRITICAL - 0% free (0 MB out of 0 MB) - Swap is either disabled, not present, or of zero size.
[1578589769] Auto-save of retention data completed successfully.
[1578591638] SERVICE NOTIFICATION: nagiosadmin;localhost;Swap Usage;CRITICAL;notify-service-by-email;SWAP CRITICAL - 0% free (0 MB out of 0 MB) - Swap is either disabled, not present, or of zero size.
[1578593369] Auto-save of retention data completed successfully.
[1578595238] SERVICE NOTIFICATION: nagiosadmin;localhost;Swap Usage;CRITICAL;notify-service-by-email;SWAP CRITICAL - 0% free (0 MB out of 0 MB) - Swap is either disabled, not present, or of zero size.
[1578596969] Auto-save of retention data completed successfully.
[1578598838] SERVICE NOTIFICATION: nagiosadmin;localhost;Swap Usage;CRITICAL;notify-service-by-email;SWAP CRITICAL - 0% free (0 MB out of 0 MB) - Swap is either disabled, not present, or of zero size.
[1578600569] Auto-save of retention data completed successfully.
[1578602438] SERVICE NOTIFICATION: nagiosadmin;localhost;Swap Usage;CRITICAL;notify-service-by-email;SWAP CRITICAL - 0% free (0 MB out of 0 MB) - Swap is either disabled, not present, or of zero size.
[1578604169] Auto-save of retention data completed successfully.
[1578606038] SERVICE NOTIFICATION: nagiosadmin;localhost;Swap Usage;CRITICAL;notify-service-by-email;SWAP CRITICAL - 0% free (0 MB out of 0 MB) - Swap is either disabled, not present, or of zero size.
[1578607769] Auto-save of retention data completed successfully.
[1578609638] SERVICE NOTIFICATION: nagiosadmin;localhost;Swap Usage;CRITICAL;notify-service-by-email;SWAP CRITICAL - 0% free (0 MB out of 0 MB) - Swap is either disabled, not present, or of zero size.
[1578611369] Auto-save of retention data completed successfully.
[1578613238] SERVICE NOTIFICATION: nagiosadmin;localhost;Swap Usage;CRITICAL;notify-service-by-email;SWAP CRITICAL - 0% free (0 MB out of 0 MB) - Swap is either disabled, not present, or of zero size.
