[1577059200] LOG ROTATION: DAILY
[1577059200] LOG VERSION: 2.0
[1577059200] CURRENT HOST STATE: localhost;UP;HARD;1;PING OK - Packet loss = 0%, RTA = 0.08 ms
[1577059200] CURRENT SERVICE STATE: localhost;Current Load;OK;HARD;1;OK - load average: 0.83, 0.85, 0.72
[1577059200] CURRENT SERVICE STATE: localhost;Current Users;OK;HARD;1;USERS OK - 0 users currently logged in
[1577059200] CURRENT SERVICE STATE: localhost;HTTP;WARNING;HARD;4;HTTP WARNING: HTTP/1.1 401 Unauthorized - 695 bytes in 0.003 second response time
[1577059200] CURRENT SERVICE STATE: localhost;PING;OK;HARD;1;PING OK - Packet loss = 0%, RTA = 0.10 ms
[1577059200] CURRENT SERVICE STATE: localhost;Root Partition;OK;HARD;1;DISK OK - free space: / 31384 MB (38.31% inode=99%):
[1577059200] CURRENT SERVICE STATE: localhost;Swap Usage;CRITICAL;HARD;4;SWAP CRITICAL - 0% free (0 MB out of 0 MB) - Swap is either disabled, not present, or of zero size.
[1577059200] CURRENT SERVICE STATE: localhost;Total Processes;OK;HARD;1;PROCS OK: 20 processes with STATE = RSZDT
[1577059769] Auto-save of retention data completed successfully.
[1577061336] SERVICE NOTIFICATION: nagiosadmin;localhost;Swap Usage;CRITICAL;notify-service-by-email;SWAP CRITICAL - 0% free (0 MB out of 0 MB) - Swap is either disabled, not present, or of zero size.
[1577063369] Auto-save of retention data completed successfully.
[1577064936] SERVICE NOTIFICATION: nagiosadmin;localhost;Swap Usage;CRITICAL;notify-service-by-email;SWAP CRITICAL - 0% free (0 MB out of 0 MB) - Swap is either disabled, not present, or of zero size.
[1577066969] Auto-save of retention data completed successfully.
[1577068536] SERVICE NOTIFICATION: nagiosadmin;localhost;Swap Usage;CRITICAL;notify-service-by-email;SWAP CRITICAL - 0% free (0 MB out of 0 MB) - Swap is either disabled, not present, or of zero size.
[1577070569] Auto-save of retention data completed successfully.
[1577072136] SERVICE NOTIFICATION: nagiosadmin;localhost;Swap Usage;CRITICAL;notify-service-by-email;SWAP CRITICAL - 0% free (0 MB out of 0 MB) - Swap is either disabled, not present, or of zero size.
[1577074169] Auto-save of retention data completed successfully.
[1577075736] SERVICE NOTIFICATION: nagiosadmin;localhost;Swap Usage;CRITICAL;notify-service-by-email;SWAP CRITICAL - 0% free (0 MB out of 0 MB) - Swap is either disabled, not present, or of zero size.
[1577077769] Auto-save of retention data completed successfully.
[1577079336] SERVICE NOTIFICATION: nagiosadmin;localhost;Swap Usage;CRITICAL;notify-service-by-email;SWAP CRITICAL - 0% free (0 MB out of 0 MB) - Swap is either disabled, not present, or of zero size.
[1577081369] Auto-save of retention data completed successfully.
[1577082936] SERVICE NOTIFICATION: nagiosadmin;localhost;Swap Usage;CRITICAL;notify-service-by-email;SWAP CRITICAL - 0% free (0 MB out of 0 MB) - Swap is either disabled, not present, or of zero size.
[1577084969] Auto-save of retention data completed successfully.
[1577086536] SERVICE NOTIFICATION: nagiosadmin;localhost;Swap Usage;CRITICAL;notify-service-by-email;SWAP CRITICAL - 0% free (0 MB out of 0 MB) - Swap is either disabled, not present, or of zero size.
[1577088569] Auto-save of retention data completed successfully.
[1577090136] SERVICE NOTIFICATION: nagiosadmin;localhost;Swap Usage;CRITICAL;notify-service-by-email;SWAP CRITICAL - 0% free (0 MB out of 0 MB) - Swap is either disabled, not present, or of zero size.
[1577092169] Auto-save of retention data completed successfully.
[1577093736] SERVICE NOTIFICATION: nagiosadmin;localhost;Swap Usage;CRITICAL;notify-service-by-email;SWAP CRITICAL - 0% free (0 MB out of 0 MB) - Swap is either disabled, not present, or of zero size.
[1577095769] Auto-save of retention data completed successfully.
[1577097336] SERVICE NOTIFICATION: nagiosadmin;localhost;Swap Usage;CRITICAL;notify-service-by-email;SWAP CRITICAL - 0% free (0 MB out of 0 MB) - Swap is either disabled, not present, or of zero size.
[1577099369] Auto-save of retention data completed successfully.
[1577100936] SERVICE NOTIFICATION: nagiosadmin;localhost;Swap Usage;CRITICAL;notify-service-by-email;SWAP CRITICAL - 0% free (0 MB out of 0 MB) - Swap is either disabled, not present, or of zero size.
[1577102969] Auto-save of retention data completed successfully.
[1577104536] SERVICE NOTIFICATION: nagiosadmin;localhost;Swap Usage;CRITICAL;notify-service-by-email;SWAP CRITICAL - 0% free (0 MB out of 0 MB) - Swap is either disabled, not present, or of zero size.
[1577106569] Auto-save of retention data completed successfully.
[1577108136] SERVICE NOTIFICATION: nagiosadmin;localhost;Swap Usage;CRITICAL;notify-service-by-email;SWAP CRITICAL - 0% free (0 MB out of 0 MB) - Swap is either disabled, not present, or of zero size.
[1577110169] Auto-save of retention data completed successfully.
[1577111736] SERVICE NOTIFICATION: nagiosadmin;localhost;Swap Usage;CRITICAL;notify-service-by-email;SWAP CRITICAL - 0% free (0 MB out of 0 MB) - Swap is either disabled, not present, or of zero size.
[1577113769] Auto-save of retention data completed successfully.
[1577115336] SERVICE NOTIFICATION: nagiosadmin;localhost;Swap Usage;CRITICAL;notify-service-by-email;SWAP CRITICAL - 0% free (0 MB out of 0 MB) - Swap is either disabled, not present, or of zero size.
[1577117369] Auto-save of retention data completed successfully.
[1577118936] SERVICE NOTIFICATION: nagiosadmin;localhost;Swap Usage;CRITICAL;notify-service-by-email;SWAP CRITICAL - 0% free (0 MB out of 0 MB) - Swap is either disabled, not present, or of zero size.
[1577120969] Auto-save of retention data completed successfully.
[1577121479] SERVICE ALERT: localhost;Current Load;WARNING;SOFT;1;WARNING - load average: 5.61, 1.80, 0.97
[1577121539] SERVICE ALERT: localhost;Current Load;OK;SOFT;2;OK - load average: 2.64, 1.64, 0.96
[1577122536] SERVICE NOTIFICATION: nagiosadmin;localhost;Swap Usage;CRITICAL;notify-service-by-email;SWAP CRITICAL - 0% free (0 MB out of 0 MB) - Swap is either disabled, not present, or of zero size.
[1577124569] Auto-save of retention data completed successfully.
[1577126136] SERVICE NOTIFICATION: nagiosadmin;localhost;Swap Usage;CRITICAL;notify-service-by-email;SWAP CRITICAL - 0% free (0 MB out of 0 MB) - Swap is either disabled, not present, or of zero size.
[1577128169] Auto-save of retention data completed successfully.
[1577129736] SERVICE NOTIFICATION: nagiosadmin;localhost;Swap Usage;CRITICAL;notify-service-by-email;SWAP CRITICAL - 0% free (0 MB out of 0 MB) - Swap is either disabled, not present, or of zero size.
[1577131769] Auto-save of retention data completed successfully.
[1577133336] SERVICE NOTIFICATION: nagiosadmin;localhost;Swap Usage;CRITICAL;notify-service-by-email;SWAP CRITICAL - 0% free (0 MB out of 0 MB) - Swap is either disabled, not present, or of zero size.
[1577135369] Auto-save of retention data completed successfully.
[1577136936] SERVICE NOTIFICATION: nagiosadmin;localhost;Swap Usage;CRITICAL;notify-service-by-email;SWAP CRITICAL - 0% free (0 MB out of 0 MB) - Swap is either disabled, not present, or of zero size.
[1577138969] Auto-save of retention data completed successfully.
[1577140537] SERVICE NOTIFICATION: nagiosadmin;localhost;Swap Usage;CRITICAL;notify-service-by-email;SWAP CRITICAL - 0% free (0 MB out of 0 MB) - Swap is either disabled, not present, or of zero size.
[1577142569] Auto-save of retention data completed successfully.
[1577144436] SERVICE NOTIFICATION: nagiosadmin;localhost;Swap Usage;CRITICAL;notify-service-by-email;SWAP CRITICAL - 0% free (0 MB out of 0 MB) - Swap is either disabled, not present, or of zero size.
