[1579564800] LOG ROTATION: DAILY
[1579564800] LOG VERSION: 2.0
[1579564800] CURRENT HOST STATE: localhost;UP;HARD;1;PING OK - Packet loss = 0%, RTA = 0.09 ms
[1579564800] CURRENT SERVICE STATE: localhost;Current Load;OK;HARD;1;OK - load average: 0.61, 0.58, 0.61
[1579564800] CURRENT SERVICE STATE: localhost;Current Users;OK;HARD;1;USERS OK - 0 users currently logged in
[1579564800] CURRENT SERVICE STATE: localhost;HTTP;WARNING;HARD;4;HTTP WARNING: HTTP/1.1 401 Unauthorized - 695 bytes in 0.006 second response time
[1579564800] CURRENT SERVICE STATE: localhost;PING;OK;HARD;1;PING OK - Packet loss = 0%, RTA = 0.08 ms
[1579564800] CURRENT SERVICE STATE: localhost;Root Partition;OK;HARD;1;DISK OK - free space: / 31443 MB (38.38% inode=99%):
[1579564800] CURRENT SERVICE STATE: localhost;Swap Usage;CRITICAL;HARD;4;SWAP CRITICAL - 0% free (0 MB out of 0 MB) - Swap is either disabled, not present, or of zero size.
[1579564800] CURRENT SERVICE STATE: localhost;Total Processes;OK;HARD;1;PROCS OK: 20 processes with STATE = RSZDT
[1579565369] Auto-save of retention data completed successfully.
[1579567841] SERVICE NOTIFICATION: nagiosadmin;localhost;Swap Usage;CRITICAL;notify-service-by-email;SWAP CRITICAL - 0% free (0 MB out of 0 MB) - Swap is either disabled, not present, or of zero size.
[1579568969] Auto-save of retention data completed successfully.
[1579571441] SERVICE NOTIFICATION: nagiosadmin;localhost;Swap Usage;CRITICAL;notify-service-by-email;SWAP CRITICAL - 0% free (0 MB out of 0 MB) - Swap is either disabled, not present, or of zero size.
[1579572569] Auto-save of retention data completed successfully.
[1579575041] SERVICE NOTIFICATION: nagiosadmin;localhost;Swap Usage;CRITICAL;notify-service-by-email;SWAP CRITICAL - 0% free (0 MB out of 0 MB) - Swap is either disabled, not present, or of zero size.
[1579576169] Auto-save of retention data completed successfully.
[1579578641] SERVICE NOTIFICATION: nagiosadmin;localhost;Swap Usage;CRITICAL;notify-service-by-email;SWAP CRITICAL - 0% free (0 MB out of 0 MB) - Swap is either disabled, not present, or of zero size.
[1579579769] Auto-save of retention data completed successfully.
[1579582241] SERVICE NOTIFICATION: nagiosadmin;localhost;Swap Usage;CRITICAL;notify-service-by-email;SWAP CRITICAL - 0% free (0 MB out of 0 MB) - Swap is either disabled, not present, or of zero size.
[1579583369] Auto-save of retention data completed successfully.
[1579585841] SERVICE NOTIFICATION: nagiosadmin;localhost;Swap Usage;CRITICAL;notify-service-by-email;SWAP CRITICAL - 0% free (0 MB out of 0 MB) - Swap is either disabled, not present, or of zero size.
[1579586969] Auto-save of retention data completed successfully.
[1579589441] SERVICE NOTIFICATION: nagiosadmin;localhost;Swap Usage;CRITICAL;notify-service-by-email;SWAP CRITICAL - 0% free (0 MB out of 0 MB) - Swap is either disabled, not present, or of zero size.
[1579590569] Auto-save of retention data completed successfully.
[1579593041] SERVICE NOTIFICATION: nagiosadmin;localhost;Swap Usage;CRITICAL;notify-service-by-email;SWAP CRITICAL - 0% free (0 MB out of 0 MB) - Swap is either disabled, not present, or of zero size.
[1579594169] Auto-save of retention data completed successfully.
[1579596641] SERVICE NOTIFICATION: nagiosadmin;localhost;Swap Usage;CRITICAL;notify-service-by-email;SWAP CRITICAL - 0% free (0 MB out of 0 MB) - Swap is either disabled, not present, or of zero size.
[1579597769] Auto-save of retention data completed successfully.
[1579600241] SERVICE NOTIFICATION: nagiosadmin;localhost;Swap Usage;CRITICAL;notify-service-by-email;SWAP CRITICAL - 0% free (0 MB out of 0 MB) - Swap is either disabled, not present, or of zero size.
[1579601369] Auto-save of retention data completed successfully.
[1579603841] SERVICE NOTIFICATION: nagiosadmin;localhost;Swap Usage;CRITICAL;notify-service-by-email;SWAP CRITICAL - 0% free (0 MB out of 0 MB) - Swap is either disabled, not present, or of zero size.
[1579604969] Auto-save of retention data completed successfully.
[1579607441] SERVICE NOTIFICATION: nagiosadmin;localhost;Swap Usage;CRITICAL;notify-service-by-email;SWAP CRITICAL - 0% free (0 MB out of 0 MB) - Swap is either disabled, not present, or of zero size.
[1579608569] Auto-save of retention data completed successfully.
[1579611041] SERVICE NOTIFICATION: nagiosadmin;localhost;Swap Usage;CRITICAL;notify-service-by-email;SWAP CRITICAL - 0% free (0 MB out of 0 MB) - Swap is either disabled, not present, or of zero size.
[1579612169] Auto-save of retention data completed successfully.
[1579614641] SERVICE NOTIFICATION: nagiosadmin;localhost;Swap Usage;CRITICAL;notify-service-by-email;SWAP CRITICAL - 0% free (0 MB out of 0 MB) - Swap is either disabled, not present, or of zero size.
[1579615769] Auto-save of retention data completed successfully.
[1579618241] SERVICE NOTIFICATION: nagiosadmin;localhost;Swap Usage;CRITICAL;notify-service-by-email;SWAP CRITICAL - 0% free (0 MB out of 0 MB) - Swap is either disabled, not present, or of zero size.
[1579619369] Auto-save of retention data completed successfully.
[1579621841] SERVICE NOTIFICATION: nagiosadmin;localhost;Swap Usage;CRITICAL;notify-service-by-email;SWAP CRITICAL - 0% free (0 MB out of 0 MB) - Swap is either disabled, not present, or of zero size.
[1579622969] Auto-save of retention data completed successfully.
[1579625441] SERVICE NOTIFICATION: nagiosadmin;localhost;Swap Usage;CRITICAL;notify-service-by-email;SWAP CRITICAL - 0% free (0 MB out of 0 MB) - Swap is either disabled, not present, or of zero size.
[1579626569] Auto-save of retention data completed successfully.
[1579629041] SERVICE NOTIFICATION: nagiosadmin;localhost;Swap Usage;CRITICAL;notify-service-by-email;SWAP CRITICAL - 0% free (0 MB out of 0 MB) - Swap is either disabled, not present, or of zero size.
[1579630169] Auto-save of retention data completed successfully.
[1579632641] SERVICE NOTIFICATION: nagiosadmin;localhost;Swap Usage;CRITICAL;notify-service-by-email;SWAP CRITICAL - 0% free (0 MB out of 0 MB) - Swap is either disabled, not present, or of zero size.
[1579633769] Auto-save of retention data completed successfully.
[1579636241] SERVICE NOTIFICATION: nagiosadmin;localhost;Swap Usage;CRITICAL;notify-service-by-email;SWAP CRITICAL - 0% free (0 MB out of 0 MB) - Swap is either disabled, not present, or of zero size.
[1579637369] Auto-save of retention data completed successfully.
[1579639841] SERVICE NOTIFICATION: nagiosadmin;localhost;Swap Usage;CRITICAL;notify-service-by-email;SWAP CRITICAL - 0% free (0 MB out of 0 MB) - Swap is either disabled, not present, or of zero size.
[1579640969] Auto-save of retention data completed successfully.
[1579643441] SERVICE NOTIFICATION: nagiosadmin;localhost;Swap Usage;CRITICAL;notify-service-by-email;SWAP CRITICAL - 0% free (0 MB out of 0 MB) - Swap is either disabled, not present, or of zero size.
[1579644569] Auto-save of retention data completed successfully.
[1579647041] SERVICE NOTIFICATION: nagiosadmin;localhost;Swap Usage;CRITICAL;notify-service-by-email;SWAP CRITICAL - 0% free (0 MB out of 0 MB) - Swap is either disabled, not present, or of zero size.
[1579648169] Auto-save of retention data completed successfully.
[1579650641] SERVICE NOTIFICATION: nagiosadmin;localhost;Swap Usage;CRITICAL;notify-service-by-email;SWAP CRITICAL - 0% free (0 MB out of 0 MB) - Swap is either disabled, not present, or of zero size.
